<?xml version="1.0" encoding="UTF-8"?>
<!-- Generated by org.testng.reporters.JUnitXMLReporter -->
<testsuite ignored="4" hostname="WIN-22PUACE5BKI" failures="0" tests="2" name="Default test" time="21.448" errors="0" timestamp="2024-01-24T23:34:32 EET">
  <testcase classname="Test_assignment.Tests.Tests" name="CheckFilteredPositions" time="9.904"/>
  <testcase classname="Test_assignment.Tests.Tests" name="CheckFilteredPositions" time="9.607"/>
  <testcase classname="Test_assignment.Tests.Tests" name="QAPositionsListPresenceWithFiltration" time="0.0">
    <ignored/>
  </testcase> <!-- QAPositionsListPresenceWithFiltration -->
  <testcase classname="Test_assignment.Tests.Tests" name="RedirectionToPositionPage" time="0.0">
    <ignored/>
  </testcase> <!-- RedirectionToPositionPage -->
  <testcase classname="Test_assignment.Tests.Tests" name="HomePageIsOpened" time="0.0">
    <ignored/>
  </testcase> <!-- HomePageIsOpened -->
  <testcase classname="Test_assignment.Tests.Tests" name="CareersPageBlocksAreOpened" time="0.0">
    <ignored/>
  </testcase> <!-- CareersPageBlocksAreOpened -->
</testsuite> <!-- Default test -->
