<?xml version="1.0" encoding="UTF-8"?>
<!-- Generated by org.testng.reporters.JUnitXMLReporter -->
<testsuite ignored="0" hostname="WIN-22PUACE5BKI" failures="0" tests="6" name="Test" time="25.128" errors="0" timestamp="2024-01-25T22:36:56 EET">
  <testcase classname="Test_assignment.Tests.Tests" name="HomePageIsOpened" time="4.028"/>
  <testcase classname="Test_assignment.Tests.Tests" name="CareersPageBlocksAreOpened" time="6.087"/>
  <testcase classname="Test_assignment.Tests.Tests" name="QAPositionsListPresenceWithFiltration" time="9.285"/>
  <testcase classname="Test_assignment.Tests.Tests" name="RedirectionToPositionPage" time="10.941"/>
  <testcase classname="Test_assignment.Tests.Tests" name="CheckFilteredPositions" time="12.394"/>
  <testcase classname="Test_assignment.Tests.Tests" name="CheckFilteredPositions" time="10.519"/>
</testsuite> <!-- Test -->
